
被删除的牌堆为白玉楼
灵梦抽了5张牌
魔理沙抽了5张牌
爱丽丝抽了5张牌
从爱丽丝开始.
----第1轮：
----爱丽丝的回合：
2:灵梦
◎♨
3:魔理沙
★◎
1:爱丽丝
◎♨
使用了仆役
使用了茶商
使用了茶商
使用了仆役
使用了仆役
爱丽丝退治了恶作剧妖精.
爱丽丝获得了药物试用人.
爱丽丝获得了烧具商.
爱丽丝抽了5张牌
----灵梦的回合：
使用了茶商
使用了仆役
使用了仆役
使用了仆役
使用了茶商
灵梦退治了贪吃老鼠.
灵梦获得了教徒.
灵梦抽了5张牌
----魔理沙的回合：
使用了信徒
使用了茶商
使用了信徒
使用了茶商
使用了信徒
魔理沙获得了蓬莱玉枝.
魔理沙抽了5张牌
----第2轮：
----爱丽丝的回合：
使用了茶商
使用了仆役
使用了茶商
使用了茶商
使用了仆役
爱丽丝获得了十六夜咲夜.
爱丽丝洗牌.
爱丽丝抽了5张牌
----灵梦的回合：
使用了仆役
使用了仆役
使用了茶商
使用了茶商
使用了茶商
灵梦获得了烧具商.
灵梦洗牌.
灵梦抽了5张牌
----魔理沙的回合：
使用了信徒
使用了茶商
使用了茶商
使用了茶商
使用了信徒
魔理沙获得了东风谷早苗.
魔理沙获得了教徒.
魔理沙洗牌.
魔理沙抽了5张牌
----第3轮：
----爱丽丝的回合：
使用了茶商
使用了茶商
使用了茶商
使用了仆役
使用了烧具商
爱丽丝获得了魔法使.
爱丽丝抽了5张牌
----灵梦的回合：
使用了教徒
使用了仆役
使用了仆役
使用了仆役
使用了茶商
灵梦退治了早苗毛玉.
奇迹:神奈子的御柱
所有玩家可以从中央牌堆将一张教徒放置在牌堆顶。
灵梦 选择获得一张教徒
魔理沙 选择获得一张教徒
爱丽丝 选择获得一张教徒
灵梦获得了教徒.
灵梦抽了5张牌
----魔理沙的回合：
使用了茶商
使用了茶商
使用了茶商
使用了茶商
使用了教徒
魔理沙获得了教徒.
魔理沙抽了5张牌
----第4轮：
----爱丽丝的回合：
使用了药物试用人
放逐了药物试用人
使用了仆役
使用了仆役
使用了茶商
使用了十六夜咲夜
爱丽丝获得了灵乌路空.
爱丽丝获得了烧具商.
